2017-10-31 15:36:26.3357|INFO|NPackagePublisher.Program|Run args.Count() = 1
2017-10-31 15:36:26.3677|INFO|NPackagePublisher.Program|Run arg = nuget-packages.json
2017-10-31 15:36:26.3677|INFO|NPackagePublisher.Program|Run mRootFilePath = c:\Users\Сергей\Source\Repos\ContraRulit\nuget-packages.json
2017-10-31 15:36:26.3677|INFO|NPackagePublisher.Program|Run mRootDirectory = c:\Users\Сергей\Source\Repos\ContraRulit
2017-10-31 15:36:34.4679|INFO|NPackagePublisher.Program|Run mApiKey = sdfsdf
2017-10-31 15:36:34.5995|INFO|NPackagePublisher.Program|LoadConfigInfo item = PecaCore
2017-10-31 15:36:34.5995|INFO|NPackagePublisher.Program|LoadConfigInfo packageInfo.Path = c:\Users\Сергей\Source\Repos\ContraRulit\PecaCore
2017-10-31 15:36:34.6133|INFO|NPackagePublisher.Program|LoadConfigInfo packageInfo.NuspecName = c:\Users\Сергей\Source\Repos\ContraRulit\PecaCore\PecaCore.nuspec
2017-10-31 15:36:34.6133|INFO|NPackagePublisher.Program|LoadConfigInfo packageInfo.ProjectName = c:\Users\Сергей\Source\Repos\ContraRulit\PecaCore\PecaCore.csproj
2017-10-31 15:36:34.6133|INFO|CommonUtils.VersionWorker|GetVersion projectPath = c:\Users\Сергей\Source\Repos\ContraRulit\PecaCore
2017-10-31 15:36:34.6133|INFO|CommonUtils.VersionWorker|GetVersion properyDir = c:\Users\Сергей\Source\Repos\ContraRulit\PecaCore\Properties
2017-10-31 15:36:34.6283|INFO|CommonUtils.VersionWorker|GetVersion assemblyInfoFileName = c:\Users\Сергей\Source\Repos\ContraRulit\PecaCore\Properties\AssemblyInfo.cs
2017-10-31 15:36:34.6283|INFO|CommonUtils.VersionWorker|GetVersion content = using System.Reflection;
using System.Runtime.CompilerServices;
using System.Runtime.InteropServices;

// Общие сведения об этой сборке предоставляются следующим набором
// набора атрибутов. Измените значения этих атрибутов, чтобы изменить сведения,
// связанные со сборкой.
[assembly: AssemblyTitle("PecaCore")]
[assembly: AssemblyDescription("")]
[assembly: AssemblyConfiguration("")]
[assembly: AssemblyCompany("")]
[assembly: AssemblyProduct("PecaCore")]
[assembly: AssemblyCopyright("Copyright ©  2017")]
[assembly: AssemblyTrademark("")]
[assembly: AssemblyCulture("")]

// Установка значения False для параметра ComVisible делает типы в этой сборке невидимыми
// для компонентов COM. Если необходимо обратиться к типу в этой сборке через
// COM, задайте атрибуту ComVisible значение TRUE для этого типа.
[assembly: ComVisible(false)]

// Следующий GUID служит для идентификации библиотеки типов, если этот проект будет видимым для COM
[assembly: Guid("ff83d159-35b6-4528-afe5-905938d3072a")]

// Сведения о версии сборки состоят из следующих четырех значений:
//
//      Основной номер версии
//      Дополнительный номер версии
//   Номер сборки
//      Редакция
//
// Можно задать все значения или принять номер сборки и номер редакции по умолчанию.
// используя "*", как показано ниже:
// [assembly: AssemblyVersion("1.0.*")]
[assembly: AssemblyVersion("1.1.0.0")]
[assembly: AssemblyFileVersion("1.1.0.0")]

2017-10-31 15:36:34.6283|INFO|CommonUtils.VersionWorker|GetVersion match = 
2017-10-31 15:36:34.6461|INFO|NPackagePublisher.Program|LoadConfigInfo item = VasiJaMCDJ.Engine
2017-10-31 15:36:34.6461|INFO|NPackagePublisher.Program|LoadConfigInfo packageInfo.Path = c:\Users\Сергей\Source\Repos\ContraRulit\VasiJaMCDJ.Engine
2017-10-31 15:36:34.6611|INFO|NPackagePublisher.Program|LoadConfigInfo packageInfo.NuspecName = c:\Users\Сергей\Source\Repos\ContraRulit\VasiJaMCDJ.Engine\VasiJaMCDJ.Engine.nuspec
2017-10-31 15:36:34.6611|INFO|NPackagePublisher.Program|LoadConfigInfo packageInfo.ProjectName = c:\Users\Сергей\Source\Repos\ContraRulit\VasiJaMCDJ.Engine\VasiJaMCDJ.Engine.csproj
2017-10-31 15:36:34.6751|INFO|CommonUtils.VersionWorker|GetVersion projectPath = c:\Users\Сергей\Source\Repos\ContraRulit\VasiJaMCDJ.Engine
2017-10-31 15:36:34.6751|INFO|CommonUtils.VersionWorker|GetVersion properyDir = c:\Users\Сергей\Source\Repos\ContraRulit\VasiJaMCDJ.Engine\Properties
2017-10-31 15:36:34.6751|INFO|CommonUtils.VersionWorker|GetVersion assemblyInfoFileName = c:\Users\Сергей\Source\Repos\ContraRulit\VasiJaMCDJ.Engine\Properties\AssemblyInfo.cs
2017-10-31 15:36:34.6971|INFO|CommonUtils.VersionWorker|GetVersion content = using System.Reflection;
using System.Runtime.CompilerServices;
using System.Runtime.InteropServices;

// Общие сведения об этой сборке предоставляются следующим набором
// набора атрибутов. Измените значения этих атрибутов, чтобы изменить сведения,
// связанные со сборкой.
[assembly: AssemblyTitle("VasiJaMCDJ.Engine")]
[assembly: AssemblyDescription("")]
[assembly: AssemblyConfiguration("")]
[assembly: AssemblyCompany("")]
[assembly: AssemblyProduct("VasiJaMCDJ.Engine")]
[assembly: AssemblyCopyright("Copyright ©  2017")]
[assembly: AssemblyTrademark("")]
[assembly: AssemblyCulture("")]

// Установка значения False для параметра ComVisible делает типы в этой сборке невидимыми
// для компонентов COM. Если необходимо обратиться к типу в этой сборке через
// COM, задайте атрибуту ComVisible значение TRUE для этого типа.
[assembly: ComVisible(false)]

// Следующий GUID служит для идентификации библиотеки типов, если этот проект будет видимым для COM
[assembly: Guid("eff87fbf-f0e8-4b64-b65e-53eae7cf1a35")]

// Сведения о версии сборки состоят из следующих четырех значений:
//
//      Основной номер версии
//      Дополнительный номер версии
//   Номер сборки
//      Редакция
//
// Можно задать все значения или принять номер сборки и номер редакции по умолчанию.
// используя "*", как показано ниже:
// [assembly: AssemblyVersion("1.0.*")]
[assembly: AssemblyVersion("1.1.0.0")]
[assembly: AssemblyFileVersion("1.1.0.0")]

2017-10-31 15:36:34.6971|INFO|CommonUtils.VersionWorker|GetVersion match = 
2017-10-31 15:36:43.8814|INFO|NPackagePublisher.Program|Pack currDir = `c:\Users\Сергей\Source\Repos\ContraRulit\PecaCore`
2017-10-31 15:36:44.6359|INFO|NPackagePublisher.Program|Pack currDir = `c:\Users\Сергей\Source\Repos\ContraRulit\VasiJaMCDJ.Engine`
2017-10-31 15:36:45.3840|INFO|NPackagePublisher.Program|Run mNugetExePath = C:\Users\Сергей\.nuget\packages\jszip\3.1.2\nuget.exe
2017-10-31 15:36:45.3840|INFO|NPackagePublisher.Program|Run item.Key = PROCESSOR_ARCHITEW6432 item.Value = AMD64
2017-10-31 15:36:45.4000|INFO|NPackagePublisher.Program|Run item.Key = COMPUTERNAME item.Value = DESKTOP-5BRPUFP
2017-10-31 15:36:45.4000|INFO|NPackagePublisher.Program|Run item.Key = CommonProgramFiles(x86) item.Value = C:\Program Files (x86)\Common Files
2017-10-31 15:36:45.4166|INFO|NPackagePublisher.Program|Run item.Key = OneDrive item.Value = C:\Users\Сергей\OneDrive
2017-10-31 15:36:45.4166|INFO|NPackagePublisher.Program|Run item.Key = HOMEPATH item.Value = \Users\Сергей
2017-10-31 15:36:45.4317|INFO|NPackagePublisher.Program|Run item.Key = PROCESSOR_REVISION item.Value = 2a07
2017-10-31 15:36:45.4317|INFO|NPackagePublisher.Program|Run item.Key = PROCESSOR_IDENTIFIER item.Value = Intel64 Family 6 Model 42 Stepping 7, GenuineIntel
2017-10-31 15:36:45.4477|INFO|NPackagePublisher.Program|Run item.Key = PATHEXT item.Value = .COM;.EXE;.BAT;.CMD;.VBS;.VBE;.JS;.JSE;.WSF;.WSH;.MSC
2017-10-31 15:36:45.4477|INFO|NPackagePublisher.Program|Run item.Key = USERDOMAIN_ROAMINGPROFILE item.Value = DESKTOP-5BRPUFP
2017-10-31 15:36:45.4633|INFO|NPackagePublisher.Program|Run item.Key = TEMP item.Value = C:\Users\D899~1\AppData\Local\Temp
2017-10-31 15:36:45.4633|INFO|NPackagePublisher.Program|Run item.Key = LOCALAPPDATA item.Value = C:\Users\Сергей\AppData\Local
2017-10-31 15:36:45.4783|INFO|NPackagePublisher.Program|Run item.Key = PUBLIC item.Value = C:\Users\Public
2017-10-31 15:36:45.4783|INFO|NPackagePublisher.Program|Run item.Key = COMMANDER_EXE item.Value = C:\totalcmd\TOTALCMD64.EXE
2017-10-31 15:36:45.4933|INFO|NPackagePublisher.Program|Run item.Key = USERDOMAIN item.Value = DESKTOP-5BRPUFP
2017-10-31 15:36:45.4933|INFO|NPackagePublisher.Program|Run item.Key = COMMANDER_INSTANCE item.Value = 1
2017-10-31 15:36:45.5083|INFO|NPackagePublisher.Program|Run item.Key = Path item.Value = C:\Windows\system32;C:\Windows;C:\Windows\System32\Wbem;C:\Windows\System32\WindowsPowerShell\v1.0\;C:\Program Files\nodejs\;C:\Program Files (x86)\Skype\Phone\;C:\Program Files\Microsoft SQL Server\130\Tools\Binn\;C:\Program Files\dotnet\;C:\Program Files\Git\cmd;C:\Program Files (x86)\Windows Kits\10\bin\x64;C:\Users\Сергей\AppData\Local\Microsoft\WindowsApps;C:\Users\Сергей\AppData\Roaming\npm;C:\Users\Сергей\AppData\Local\GitHubDesktop\bin;c:\Program Files\Python36\Scripts;c:\Program Files (x86)\Microsoft Visual Studio 14.0\VC
2017-10-31 15:36:45.5083|INFO|NPackagePublisher.Program|Run item.Key = PROCESSOR_LEVEL item.Value = 6
2017-10-31 15:36:45.5254|INFO|NPackagePublisher.Program|Run item.Key = OS item.Value = Windows_NT
2017-10-31 15:36:45.5254|INFO|NPackagePublisher.Program|Run item.Key = PROMPT item.Value = $P$G
2017-10-31 15:36:45.5414|INFO|NPackagePublisher.Program|Run item.Key = ProgramFiles(x86) item.Value = C:\Program Files (x86)
2017-10-31 15:36:45.5414|INFO|NPackagePublisher.Program|Run item.Key = NUMBER_OF_PROCESSORS item.Value = 4
2017-10-31 15:36:45.5584|INFO|NPackagePublisher.Program|Run item.Key = CommonProgramFiles item.Value = C:\Program Files (x86)\Common Files
2017-10-31 15:36:45.5664|INFO|NPackagePublisher.Program|Run item.Key = ProgramData item.Value = C:\ProgramData
2017-10-31 15:36:45.5664|INFO|NPackagePublisher.Program|Run item.Key = ProgramW6432 item.Value = C:\Program Files
2017-10-31 15:36:45.5834|INFO|NPackagePublisher.Program|Run item.Key = ProgramFiles item.Value = C:\Program Files (x86)
2017-10-31 15:36:45.5834|INFO|NPackagePublisher.Program|Run item.Key = TMP item.Value = C:\Users\D899~1\AppData\Local\Temp
2017-10-31 15:36:45.5994|INFO|NPackagePublisher.Program|Run item.Key = SESSIONNAME item.Value = Console
2017-10-31 15:36:45.5994|INFO|NPackagePublisher.Program|Run item.Key = SystemRoot item.Value = C:\Windows
2017-10-31 15:36:45.6164|INFO|NPackagePublisher.Program|Run item.Key = CommonProgramW6432 item.Value = C:\Program Files\Common Files
2017-10-31 15:36:45.6164|INFO|NPackagePublisher.Program|Run item.Key = LOGONSERVER item.Value = \\DESKTOP-5BRPUFP
2017-10-31 15:36:45.6334|INFO|NPackagePublisher.Program|Run item.Key = USERPROFILE item.Value = C:\Users\Сергей
2017-10-31 15:36:45.6334|INFO|NPackagePublisher.Program|Run item.Key = VS140COMNTOOLS item.Value = C:\Program Files (x86)\Microsoft Visual Studio 14.0\Common7\Tools\
2017-10-31 15:36:45.6504|INFO|NPackagePublisher.Program|Run item.Key = COMMANDER_INI item.Value = C:\Users\Сергей\AppData\Roaming\GHISLER\wincmd.ini
2017-10-31 15:36:45.6504|INFO|NPackagePublisher.Program|Run item.Key = APPDATA item.Value = C:\Users\Сергей\AppData\Roaming
2017-10-31 15:36:45.6675|INFO|NPackagePublisher.Program|Run item.Key = HOMEDRIVE item.Value = C:
2017-10-31 15:36:45.6755|INFO|NPackagePublisher.Program|Run item.Key = COMMANDER_DRIVE item.Value = C:
2017-10-31 15:36:45.6755|INFO|NPackagePublisher.Program|Run item.Key = PSModulePath item.Value = %ProgramFiles%\WindowsPowerShell\Modules;C:\Windows\system32\WindowsPowerShell\v1.0\Modules
2017-10-31 15:36:45.6925|INFO|NPackagePublisher.Program|Run item.Key = USERNAME item.Value = Сергей
2017-10-31 15:36:45.6925|INFO|NPackagePublisher.Program|Run item.Key = PROCESSOR_ARCHITECTURE item.Value = x86
2017-10-31 15:36:45.7100|INFO|NPackagePublisher.Program|Run item.Key = COMMANDER_PATH item.Value = C:\totalcmd
2017-10-31 15:36:45.7100|INFO|NPackagePublisher.Program|Run item.Key = ComSpec item.Value = C:\Windows\system32\cmd.exe
2017-10-31 15:36:45.7265|INFO|NPackagePublisher.Program|Run item.Key = SystemDrive item.Value = C:
2017-10-31 15:36:45.7265|INFO|NPackagePublisher.Program|Run item.Key = windir item.Value = C:\Windows
2017-10-31 15:36:45.7435|INFO|NPackagePublisher.Program|Run item.Key = ALLUSERSPROFILE item.Value = C:\ProgramData
